<?xml version="1.0" encoding="UTF-8"?>
<testsuite name="TestClass" tests="1" skipped="0" failures="0" errors="0" timestamp="2021-01-27T21:36:55" hostname="DESKTOP-O25EE1P" time="102.891">
  <properties/>
  <testcase name="webdriverChrome()" classname="TestClass" time="102.891"/>
  <system-out><![CDATA[]]></system-out>
  <system-err><![CDATA[Starting ChromeDriver 87.0.4280.88 (89e2380a3e36c3464b5dd1302349b1382549290d-refs/branch-heads/4280@{#1761}) on port 8656
Only local connections are allowed.
Please see https://chromedriver.chromium.org/security-considerations for suggestions on keeping ChromeDriver safe.
ChromeDriver was started successfully.
[1611783469.805][WARNING]: This version of ChromeDriver has not been tested with Chrome version 88.
[1611783475.330][WARNING]: Timed out connecting to Chrome, retrying...
ene 27, 2021 4:38:02 PM org.openqa.selenium.remote.ProtocolHandshake createSession
INFORMACIÓN: Detected dialect: W3C
]]></system-err>
</testsuite>
